<?xml version="1.0" encoding="UTF-8"?>
<!-- Generated by org.testng.reporters.JUnitXMLReporter -->
<testsuite hostname="DESKTOP-69PKDP6" name="Default test(failed)" tests="1" failures="1" timestamp="9 Oct 2022 13:13:02 GMT" time="0.016" errors="0">
  <testcase name="Manual" time="0.0" classname="org.green.test.rerun.ReRun">
    <failure type="java.lang.AssertionError">
      <![CDATA[java.lang.AssertionError
	at org.junit.Assert.fail(Assert.java:86)
	at org.junit.Assert.assertTrue(Assert.java:41)
	at org.junit.Assert.assertTrue(Assert.java:52)
	at org.green.test.rerun.ReRun.Manual(ReRun.java:11)
... Removed 24 stack frames]]>
    </failure>
  </testcase> <!-- Manual -->
</testsuite> <!-- Default test(failed) -->
