<?xml version="1.0" encoding="UTF-8"?>
<!-- Generated by org.testng.reporters.JUnitXMLReporter -->
<testsuite hostname="DESKTOP-69PKDP6" name="Test" tests="4" failures="1" timestamp="9 Oct 2022 14:48:27 GMT" time="0.094" errors="0">
  <testcase name="Manual" time="0.031" classname="org.green.test.rerun.ReRun">
    <skipped/>
  </testcase> <!-- Manual -->
  <testcase name="Manual" time="0.0" classname="org.green.test.rerun.ReRun">
    <skipped/>
  </testcase> <!-- Manual -->
  <testcase name="Manual" time="0.0" classname="org.green.test.rerun.ReRun">
    <skipped/>
  </testcase> <!-- Manual -->
  <testcase name="Manual" time="0.0" classname="org.green.test.rerun.ReRun">
    <failure type="java.lang.AssertionError">
      <![CDATA[java.lang.AssertionError
	at org.junit.Assert.fail(Assert.java:86)
	at org.junit.Assert.assertTrue(Assert.java:41)
	at org.junit.Assert.assertTrue(Assert.java:52)
	at org.green.test.rerun.ReRun.Manual(ReRun.java:12)
... Removed 24 stack frames]]>
    </failure>
  </testcase> <!-- Manual -->
</testsuite> <!-- Test -->
